Determining if the pthread_create exist failed with the following output:
Change Dir: /home/longxing/rosetta_gitclone/rifine/build/CMakeFiles/CMakeTmp

Run Build Command:"/usr/bin/gmake" "cmTC_81325/fast"
/usr/bin/gmake -f CMakeFiles/cmTC_81325.dir/build.make CMakeFiles/cmTC_81325.dir/build
gmake[1]: Entering directory `/home/longxing/rosetta_gitclone/rifine/build/CMakeFiles/CMakeTmp'
Building C object CMakeFiles/cmTC_81325.dir/CheckSymbolExists.c.o
/usr/local/bin/gcc    -o CMakeFiles/cmTC_81325.dir/CheckSymbolExists.c.o   -c /home/longxing/rosetta_gitclone/rifine/build/CMakeFiles/CMakeTmp/CheckSymbolExists.c
Linking C executable cmTC_81325
/usr/local/bin/cmake -E cmake_link_script CMakeFiles/cmTC_81325.dir/link.txt --verbose=1
/usr/local/bin/gcc      -rdynamic CMakeFiles/cmTC_81325.dir/CheckSymbolExists.c.o  -o cmTC_81325 
CMakeFiles/cmTC_81325.dir/CheckSymbolExists.c.o: In function `main':
CheckSymbolExists.c:(.text+0x16): undefined reference to `pthread_create'
collect2: error: ld returned 1 exit status
gmake[1]: *** [cmTC_81325] Error 1
gmake[1]: Leaving directory `/home/longxing/rosetta_gitclone/rifine/build/CMakeFiles/CMakeTmp'
gmake: *** [cmTC_81325/fast] Error 2

File /home/longxing/rosetta_gitclone/rifine/build/CMakeFiles/CMakeTmp/CheckSymbolExists.c:
/* */
#include <pthread.h>

int main(int argc, char** argv)
{
  (void)argv;
#ifndef pthread_create
  return ((int*)(&pthread_create))[argc];
#else
  (void)argc;
  return 0;
#endif
}

Determining if the function pthread_create exists in the pthreads failed with the following output:
Change Dir: /home/longxing/rosetta_gitclone/rifine/build/CMakeFiles/CMakeTmp

Run Build Command:"/usr/bin/gmake" "cmTC_cae43/fast"
/usr/bin/gmake -f CMakeFiles/cmTC_cae43.dir/build.make CMakeFiles/cmTC_cae43.dir/build
gmake[1]: Entering directory `/home/longxing/rosetta_gitclone/rifine/build/CMakeFiles/CMakeTmp'
Building C object CMakeFiles/cmTC_cae43.dir/CheckFunctionExists.c.o
/usr/local/bin/gcc   -DCHECK_FUNCTION_EXISTS=pthread_create   -o CMakeFiles/cmTC_cae43.dir/CheckFunctionExists.c.o   -c /usr/local/share/cmake-3.10/Modules/CheckFunctionExists.c
Linking C executable cmTC_cae43
/usr/local/bin/cmake -E cmake_link_script CMakeFiles/cmTC_cae43.dir/link.txt --verbose=1
/usr/local/bin/gcc  -DCHECK_FUNCTION_EXISTS=pthread_create    -rdynamic CMakeFiles/cmTC_cae43.dir/CheckFunctionExists.c.o  -o cmTC_cae43 -lpthreads 
/usr/bin/ld: cannot find -lpthreads
collect2: error: ld returned 1 exit status
gmake[1]: *** [cmTC_cae43] Error 1
gmake[1]: Leaving directory `/home/longxing/rosetta_gitclone/rifine/build/CMakeFiles/CMakeTmp'
gmake: *** [cmTC_cae43/fast] Error 2


